<?xml version="1.0" encoding="UTF-8"?>
<testng-results ignored="0" total="1" passed="1" failed="0" skipped="0">
  <reporter-output>
  </reporter-output>
  <suite started-at="2023-01-27T22:48:03 IST" name="Default suite" finished-at="2023-01-27T22:48:04 IST" duration-ms="303">
    <groups>
    </groups>
    <test started-at="2023-01-27T22:48:03 IST" name="Default test" finished-at="2023-01-27T22:48:04 IST" duration-ms="303">
      <class name="aPIs.JdbcTest">
        <test-method signature="displayvalues()[pri:0, instance:aPIs.JdbcTest@48974e45]" started-at="2023-01-27T22:48:03 IST" name="displayvalues" finished-at="2023-01-27T22:48:04 IST" duration-ms="263" status="PASS">
          <reporter-output>
          </reporter-output>
        </test-method> <!-- displayvalues -->
      </class> <!-- aPIs.JdbcTest -->
    </test> <!-- Default test -->
  </suite> <!-- Default suite -->
</testng-results>
